<?xml version="1.0" encoding="UTF-8"?>
<!-- Generated by org.testng.reporters.JUnitReportReporter -->
<testsuite hostname="SILICUS237" name="testClasses.SignUpPageTest" tests="2" failures="0" timestamp="19 Apr 2016 09:11:48 GMT" time="59.726" errors="0">
  <testcase name="verifySignUpPage" time="12.295" classname="testClasses.SignUpPageTest"/>
  <testcase name="verifyUserRegisteredSuccessfully" time="47.431" classname="testClasses.SignUpPageTest"/>
</testsuite> <!-- testClasses.SignUpPageTest -->
