<?xml version="1.0" encoding="UTF-8"?>
<!-- Generated by org.testng.reporters.JUnitReportReporter -->
<testsuite hostname="SILICUS237" name="nobleMarketTest.LoginPageTest" tests="1" failures="0" timestamp="23 Jun 2016 12:01:08 GMT" time="13.307" errors="0">
  <testcase name="verifyLoginPage" time="13.307" classname="nobleMarketTest.LoginPageTest"/>
</testsuite> <!-- nobleMarketTest.LoginPageTest -->
