<?xml version="1.0" encoding="UTF-8"?>
<!-- Generated by org.testng.reporters.JUnitReportReporter -->
<testsuite hostname="SILICUS237" name="nobleMarketTest.LandingPageTest" tests="1" failures="0" timestamp="23 Jun 2016 12:01:08 GMT" time="12.174" errors="0">
  <testcase name="verifyLandingPage" time="12.174" classname="nobleMarketTest.LandingPageTest"/>
</testsuite> <!-- nobleMarketTest.LandingPageTest -->
