<?xml version="1.0" encoding="UTF-8"?>
<!-- Generated by org.testng.reporters.JUnitReportReporter -->
<testsuite hostname="SILICUS237" name="testClasses.HomePageTest" tests="1" failures="0" timestamp="21 Apr 2016 10:01:48 GMT" time="215.309" errors="0">
  <testcase name="verifyLogin" time="215.309" classname="testClasses.HomePageTest"/>
</testsuite> <!-- testClasses.HomePageTest -->
